[2015-02-03 16:55:00] START
[2015-02-03 16:55:00] EDIT slugwiki/models/tables.py: 4
[2015-02-03 16:55:14] EDIT slugwiki/models/tables.py: 0
[2015-02-03 17:03:38] EDIT slugwiki/models/tables.py: 0
[2015-02-03 17:03:39] EDIT slugwiki/controllers/default.py: 0
[2015-02-03 17:03:41] EDIT slugwiki/views/default/index.html: 0
[2015-02-03 17:18:07] EDIT slugwiki/controllers/default.py: 2
[2015-02-03 17:18:14] EDIT slugwiki/controllers/default.py: 0
[2015-02-03 17:18:34] EDIT slugwiki/views/default/index.html: 1
[2015-02-03 17:19:02] EDIT slugwiki/views/default/index.html: 0
[2015-02-03 17:20:15] EDIT slugwiki/views/default/index.html: 4
[2015-02-03 17:20:53] EDIT slugwiki/controllers/default.py: 0
[2015-02-03 17:22:32] EDIT slugwiki/views/default/index.html: 0
[2015-02-03 17:23:02] EDIT slugwiki/views/default/index.html: -1
[2015-02-03 17:23:32] EDIT slugwiki/views/default/index.html: 0
[2015-02-03 17:29:43] EDIT slugwiki/controllers/default.py: 24
[2015-02-03 17:30:41] EDIT slugwiki/controllers/default.py: 0
[2015-02-03 17:32:41] EDIT slugwiki/views/default/index.html: 1
[2015-02-03 17:34:42] EDIT slugwiki/controllers/default.py: 0
[2015-02-03 17:50:57] EDIT slugwiki/controllers/default.py: 1
[2015-02-03 17:51:19] EDIT slugwiki/controllers/default.py: 0
[2015-02-03 17:52:24] EDIT slugwiki/controllers/default.py: 0
[2015-02-03 17:54:08] EDIT slugwiki/controllers/default.py: 0
[2015-02-03 17:58:33] EDIT slugwiki/controllers/default.py: 0
[2015-02-03 18:12:01] EDIT slugwiki/controllers/default.py: 0
[2015-02-03 18:13:34] EDIT slugwiki/controllers/default.py: 2
[2015-02-03 18:14:21] EDIT slugwiki/controllers/default.py: 0
[2015-02-03 18:14:57] EDIT slugwiki/controllers/default.py: 0
[2015-02-03 18:16:50] EDIT slugwiki/models/tables.py: 0
[2015-02-03 18:17:50] EDIT slugwiki/controllers/default.py: 0
[2015-02-03 18:18:08] EDIT slugwiki/controllers/default.py: 0
[2015-02-03 18:19:14] EDIT slugwiki/controllers/default.py: 0
[2015-02-03 18:25:50] EDIT slugwiki/controllers/default.py: 1
[2015-02-03 18:30:14] EDIT slugwiki/controllers/default.py: 2
[2015-02-03 18:30:29] EDIT slugwiki/controllers/default.py: 1
[2015-02-03 18:31:46] EDIT slugwiki/controllers/default.py: 0
[2015-02-03 18:32:46] EDIT slugwiki/controllers/default.py: 0
[2015-02-03 18:33:24] EDIT slugwiki/controllers/default.py: 0
[2015-02-03 18:49:51] EDIT slugwiki/controllers/default.py: 1
[2015-02-03 19:27:30] EDIT slugwiki/controllers/default.py: 1
[2015-02-03 19:27:51] EDIT slugwiki/controllers/default.py: 1
[2015-02-03 19:28:30] EDIT slugwiki/controllers/default.py: 4
[2015-02-03 19:29:02] EDIT slugwiki/controllers/default.py: -3
[2015-02-03 19:29:46] EDIT slugwiki/controllers/default.py: 0
[2015-02-03 19:31:19] EDIT slugwiki/controllers/default.py: -1
[2015-02-03 19:32:17] EDIT slugwiki/controllers/default.py: 0
[2015-02-03 19:32:39] EDIT slugwiki/controllers/default.py: 1
[2015-02-03 19:32:59] EDIT slugwiki/controllers/default.py: 1
[2015-02-03 19:33:33] EDIT slugwiki/controllers/default.py: 0
[2015-02-03 19:34:39] EDIT slugwiki/controllers/default.py: 0
[2015-02-03 19:36:14] EDIT slugwiki/controllers/default.py: 1
[2015-02-03 19:39:52] EDIT slugwiki/controllers/default.py: 0
[2015-02-04 21:40:38] EDIT slugwiki/controllers/default.py: 0
[2015-02-04 21:40:58] EDIT slugwiki/controllers/default.py: 0
[2015-02-04 21:41:33] EDIT slugwiki/controllers/default.py: 0
[2015-02-04 21:42:33] EDIT slugwiki/controllers/default.py: 0
[2015-02-04 21:45:48] EDIT slugwiki/controllers/default.py: 0
[2015-02-04 21:47:13] EDIT slugwiki/controllers/default.py: 0
[2015-02-04 21:47:54] EDIT slugwiki/controllers/default.py: 0
[2015-02-04 21:48:19] EDIT slugwiki/controllers/default.py: -1
[2015-02-04 21:48:27] EDIT slugwiki/controllers/default.py: 0
[2015-02-04 21:50:07] EDIT slugwiki/controllers/default.py: 1
[2015-02-04 21:50:13] EDIT slugwiki/controllers/default.py: 0
[2015-02-09 14:50:08] EDIT homework4/models/tables.py: 1
[2015-02-09 14:52:36] EDIT homework4/models/tables.py: -4
[2015-02-09 15:00:21] EDIT homework4/models/tables.py: 11
[2015-02-09 15:00:44] EDIT homework4/views/default/index.html: -4
[2015-02-09 15:30:21] EDIT homework4/controllers/default.py: -1
[2015-02-09 15:30:43] EDIT homework4/controllers/default.py: 0
[2015-02-09 15:32:40] EDIT homework4/controllers/default.py: 0
[2015-02-09 15:33:00] EDIT homework4/controllers/default.py: 0
[2015-02-09 15:33:05] EDIT homework4/controllers/default.py: 0
[2015-02-09 15:33:12] EDIT homework4/controllers/default.py: 0
[2015-02-09 15:33:21] EDIT homework4/controllers/default.py: 0
[2015-02-09 15:33:23] EDIT homework4/controllers/default.py: 0
[2015-02-09 15:33:27] EDIT homework4/controllers/default.py: 0
[2015-02-09 15:33:43] EDIT homework4/views/default/index.html: 0
[2015-02-09 15:40:38] EDIT homework4/models/tables.py: 0
[2015-02-09 15:41:00] EDIT homework4/models/tables.py: 0
[2015-02-09 15:41:38] EDIT homework4/controllers/default.py: 0
[2015-02-09 15:51:41] EDIT homework4/controllers/default.py: 0
[2015-02-09 15:52:53] EDIT homework4/controllers/default.py: 0
[2015-02-09 15:53:19] EDIT homework4/controllers/default.py: 0
[2015-02-09 15:54:38] EDIT homework4/controllers/default.py: 0
[2015-02-09 15:55:20] EDIT homework4/controllers/default.py: 0
[2015-02-09 15:55:55] EDIT homework4/models/tables.py: 0
[2015-02-09 15:57:44] EDIT homework4/controllers/default.py: 0
[2015-02-09 16:05:38] EDIT homework4/views/default/index.html: -2
[2015-02-09 16:10:12] EDIT homework4/controllers/default.py: 0
[2015-02-09 16:13:03] EDIT homework4/models/tables.py: 0
[2015-02-09 16:16:37] EDIT homework4/models/tables.py: 0
[2015-02-09 16:16:56] EDIT homework4/models/tables.py: 0
[2015-02-09 16:26:51] EDIT homework4/controllers/default.py: 0
[2015-02-09 16:31:55] EDIT homework4/controllers/default.py: 0
[2015-02-09 16:34:21] EDIT homework4/controllers/default.py: 0
[2015-02-09 16:43:54] EDIT homework4/controllers/default.py: 0
[2015-02-09 16:43:55] EDIT homework4/models/tables.py: 0
[2015-02-11 21:10:24] EDIT homework4/models/tables.py: 0
[2015-02-11 21:20:54] EDIT homework4/controllers/default.py: 0
[2015-02-11 21:21:01] EDIT homework4/controllers/default.py: 0
[2015-02-11 21:21:49] EDIT homework4/controllers/default.py: 0
[2015-02-11 21:22:41] EDIT homework4/controllers/default.py: 0
[2015-02-11 21:23:12] EDIT homework4/controllers/default.py: 0
[2015-02-11 21:24:32] EDIT homework4/controllers/default.py: 0
[2015-02-11 21:31:58] EDIT homework4/controllers/default.py: 1
[2015-02-11 21:32:54] EDIT homework4/controllers/default.py: 0
[2015-02-11 21:33:30] EDIT homework4/models/tables.py: 0
[2015-02-11 21:33:42] EDIT homework4/controllers/default.py: 0
[2015-02-11 21:34:15] EDIT homework4/controllers/default.py: 0
[2015-02-11 21:34:40] EDIT homework4/controllers/default.py: 0
[2015-02-11 21:36:03] EDIT homework4/controllers/default.py: 0
[2015-02-11 21:37:06] EDIT homework4/controllers/default.py: 2
[2015-02-11 21:43:48] EDIT homework4/controllers/default.py: 2
[2015-02-11 21:45:08] EDIT homework4/controllers/default.py: 1
[2015-02-11 21:46:49] EDIT homework4/controllers/default.py: 1
[2015-02-11 21:51:05] EDIT homework4/controllers/default.py: 0
[2015-02-11 21:51:42] EDIT homework4/controllers/default.py: 1
[2015-02-11 21:58:45] EDIT homework4/controllers/default.py: 7
[2015-02-11 21:59:02] CREATE history.html: 0
[2015-02-11 21:59:42] EDIT homework4/views/history.html: 1
[2015-02-11 22:00:19] EDIT homework4/controllers/default.py: 1
[2015-02-11 22:00:46] EDIT homework4/controllers/default.py: 0
[2015-02-11 22:04:05] EDIT homework4/controllers/default.py: 0
[2015-02-11 22:09:33] EDIT homework4/controllers/default.py: 2
[2015-02-11 22:12:02] EDIT homework4/controllers/default.py: -1
[2015-02-11 22:12:25] EDIT homework4/controllers/default.py: 0
[2015-02-11 22:13:18] EDIT homework4/controllers/default.py: 0
[2015-02-11 22:13:36] EDIT homework4/controllers/default.py: 0
[2015-02-11 22:13:44] EDIT homework4/views/history.html: 0
[2015-02-11 22:19:25] EDIT homework4/controllers/default.py: 1
[2015-02-11 22:23:21] EDIT homework4/controllers/default.py: 0
[2015-02-11 22:24:26] EDIT homework4/controllers/default.py: 1
[2015-02-11 22:24:48] EDIT homework4/controllers/default.py: 0
[2015-02-11 22:27:17] EDIT homework4/controllers/default.py: 2
[2015-02-11 22:28:36] EDIT homework4/controllers/default.py: -2
[2015-02-11 22:28:55] EDIT homework4/controllers/default.py: 0
[2015-02-11 22:29:56] EDIT homework4/controllers/default.py: 0
[2015-02-11 22:35:04] EDIT homework4/controllers/default.py: 1
[2015-02-11 22:36:49] EDIT homework4/controllers/default.py: 1
[2015-02-11 22:43:27] EDIT homework4/controllers/default.py: 1
[2015-02-11 22:45:05] EDIT homework4/controllers/default.py: 1
[2015-02-11 22:45:16] EDIT homework4/controllers/default.py: -1
[2015-02-11 22:57:59] EDIT homework4/views/history.html: 0
[2015-02-11 23:07:03] EDIT homework4/controllers/default.py: 4
[2015-02-11 23:07:11] EDIT homework4/controllers/default.py: 0
[2015-02-11 23:08:44] EDIT homework4/controllers/default.py: 1
[2015-02-11 23:09:22] EDIT homework4/controllers/default.py: -1
[2015-02-11 23:09:45] EDIT homework4/controllers/default.py: 0
[2015-02-11 23:10:38] CREATE default/history.html: 0
[2015-02-11 23:10:53] EDIT homework4/views/default/history.html: 1
[2015-02-11 23:11:08] EDIT homework4/views/default/history.html: 0
[2015-02-11 23:11:28] EDIT homework4/views/default/history.html: 0
[2015-02-11 23:12:07] DELETE homework4/views/history.html: -4
[2015-02-11 23:13:56] EDIT homework4/controllers/default.py: 0
[2015-02-11 23:20:32] EDIT homework4/controllers/default.py: 2
[2015-02-11 23:21:47] EDIT homework4/controllers/default.py: 1
[2015-02-11 23:26:11] EDIT homework4/controllers/default.py: 0
[2015-02-11 23:27:09] EDIT homework4/controllers/default.py: 0
[2015-02-11 23:27:26] EDIT homework4/controllers/default.py: 0
[2015-02-11 23:31:21] EDIT homework4/controllers/default.py: 0
[2015-02-11 23:33:18] EDIT homework4/controllers/default.py: 0
[2015-02-11 23:35:38] EDIT homework4/controllers/default.py: 0
[2015-02-11 23:36:35] EDIT homework4/controllers/default.py: 0
[2015-03-11 16:13:24] EDIT craftastic/controllers/default.py: 0
[2015-03-11 16:15:15] DELETE craftastic/views/default/test.html: -15
[2015-03-11 16:48:16] EDIT craftastic/controllers/default.py: -44
[2015-03-11 16:48:17] EDIT craftastic/models/tables.py: 4
[2015-03-11 16:51:58] EDIT craftastic/models/tables.py: 0
[2015-03-11 16:52:00] EDIT craftastic/controllers/default.py: 0
[2015-03-11 16:52:37] EDIT craftastic/models/tables.py: 0
[2015-03-11 17:56:59] EDIT craftastic/models/tables.py: 6
[2015-03-11 18:00:40] EDIT craftastic/models/tables.py: 4
[2015-03-11 18:02:38] EDIT craftastic/models/tables.py: 0
[2015-03-11 18:02:41] EDIT craftastic/models/tables.py: 0
